
(thunar:7647): GLib-GIO-CRITICAL **: 19:03:33.956: GFileInfo created without standard::size

(thunar:7647): GLib-GIO-CRITICAL **: 19:03:33.956: file ../../../gio/gfileinfo.c: line 1845 (g_file_info_get_size): should not be reached
Warning: failed to launch javaldx - java may not function correctly
Warning: failed to launch javaldx - java may not function correctly
Warning: failed to launch javaldx - java may not function correctly
Warning: failed to launch javaldx - java may not function correctly
Warning: failed to launch javaldx - java may not function correctly
Warning: failed to launch javaldx - java may not function correctly
Warning: failed to launch javaldx - java may not function correctly
Warning: failed to launch javaldx - java may not function correctly

(thunar:7647): GLib-GIO-CRITICAL **: 21:59:10.238: GFileInfo created without standard::size

(thunar:7647): GLib-GIO-CRITICAL **: 21:59:10.238: file ../../../gio/gfileinfo.c: line 1845 (g_file_info_get_size): should not be reached

(thunar:7647): GLib-GIO-CRITICAL **: 22:29:05.522: GFileInfo created without standard::size

(thunar:7647): GLib-GIO-CRITICAL **: 22:29:05.522: file ../../../gio/gfileinfo.c: line 1845 (g_file_info_get_size): should not be reached

(thunar:7647): GLib-GIO-CRITICAL **: 22:30:04.743: GFileInfo created without standard::size

(thunar:7647): GLib-GIO-CRITICAL **: 22:30:04.743: file ../../../gio/gfileinfo.c: line 1845 (g_file_info_get_size): should not be reached

(thunar:7647): GLib-GIO-CRITICAL **: 22:30:13.949: GFileInfo created without standard::size

(thunar:7647): GLib-GIO-CRITICAL **: 22:30:13.949: file ../../../gio/gfileinfo.c: line 1845 (g_file_info_get_size): should not be reached
ThunarThumbnailCache: failed to call Copy(): Se alcanzó el tiempo de expiración
ThunarThumbnailCache: failed to call Copy(): Se alcanzó el tiempo de expiración
ThunarThumbnailCache: failed to call Copy(): Se alcanzó el tiempo de expiración
ThunarThumbnailCache: failed to call Move(): Se alcanzó el tiempo de expiración
ThunarThumbnailCache: failed to call Copy(): Se alcanzó el tiempo de expiración
ThunarThumbnailCache: failed to call Copy(): Se alcanzó el tiempo de expiración
ThunarThumbnailCache: failed to call Copy(): Se alcanzó el tiempo de expiración
ThunarThumbnailCache: failed to call Copy(): Se alcanzó el tiempo de expiración

(thunar:7647): GLib-GIO-CRITICAL **: 22:33:29.276: GFileInfo created without standard::size

(thunar:7647): GLib-GIO-CRITICAL **: 22:33:29.276: file ../../../gio/gfileinfo.c: line 1845 (g_file_info_get_size): should not be reached

(thunar:7647): GLib-GIO-CRITICAL **: 22:33:29.306: GFileInfo created without standard::size

(thunar:7647): GLib-GIO-CRITICAL **: 22:33:29.306: file ../../../gio/gfileinfo.c: line 1845 (g_file_info_get_size): should not be reached

(thunar:7647): GLib-GIO-CRITICAL **: 22:33:30.760: GFileInfo created without standard::size

(thunar:7647): GLib-GIO-CRITICAL **: 22:33:30.760: file ../../../gio/gfileinfo.c: line 1845 (g_file_info_get_size): should not be reached

(thunar:7647): GLib-GIO-CRITICAL **: 22:33:30.814: GFileInfo created without standard::size

(thunar:7647): GLib-GIO-CRITICAL **: 22:33:30.814: file ../../../gio/gfileinfo.c: line 1845 (g_file_info_get_size): should not be reached

(thunar:7647): GLib-GIO-CRITICAL **: 22:40:07.160: GFileInfo created without standard::size

(thunar:7647): GLib-GIO-CRITICAL **: 22:40:07.160: file ../../../gio/gfileinfo.c: line 1845 (g_file_info_get_size): should not be reached

(thunar:15627): GLib-GIO-CRITICAL **: 12:50:37.786: GFileInfo created without standard::size

(thunar:15627): GLib-GIO-CRITICAL **: 12:50:37.837: file ../../../gio/gfileinfo.c: line 1845 (g_file_info_get_size): should not be reached
Warning: failed to launch javaldx - java may not function correctly
Warning: failed to launch javaldx - java may not function correctly
Warning: failed to launch javaldx - java may not function correctly
Warning: failed to launch javaldx - java may not function correctly

(thunar:15627): GLib-GIO-CRITICAL **: 13:53:24.823: GFileInfo created without standard::size

(thunar:15627): GLib-GIO-CRITICAL **: 13:53:24.823: file ../../../gio/gfileinfo.c: line 1845 (g_file_info_get_size): should not be reached

(thunar:15627): GLib-GIO-CRITICAL **: 13:53:25.977: GFileInfo created without standard::size

(thunar:15627): GLib-GIO-CRITICAL **: 13:53:25.977: file ../../../gio/gfileinfo.c: line 1845 (g_file_info_get_size): should not be reached
ThunarThumbnailCache: failed to call Copy(): Se alcanzó el tiempo de expiración

(thunar:15627): GLib-GIO-CRITICAL **: 13:54:29.760: GFileInfo created without standard::size

(thunar:15627): GLib-GIO-CRITICAL **: 13:54:29.760: file ../../../gio/gfileinfo.c: line 1845 (g_file_info_get_size): should not be reached
ThunarThumbnailCache: failed to call Copy(): Se alcanzó el tiempo de expiración
ThunarThumbnailCache: failed to call Move(): Se alcanzó el tiempo de expiración
ThunarThumbnailCache: failed to call Copy(): Se alcanzó el tiempo de expiración
ThunarThumbnailCache: failed to call Copy(): Se alcanzó el tiempo de expiración
ThunarThumbnailCache: failed to call Move(): Se alcanzó el tiempo de expiración
ThunarThumbnailCache: failed to call Copy(): Se alcanzó el tiempo de expiración
Warning: failed to launch javaldx - java may not function correctly
Warning: failed to launch javaldx - java may not function correctly
Warning: failed to launch javaldx - java may not function correctly
Warning: failed to launch javaldx - java may not function correctly

(thunar:15627): GLib-GIO-CRITICAL **: 14:22:34.171: GFileInfo created without standard::size

(thunar:15627): GLib-GIO-CRITICAL **: 14:22:34.171: file ../../../gio/gfileinfo.c: line 1845 (g_file_info_get_size): should not be reached
Warning: failed to launch javaldx - java may not function correctly
Warning: failed to launch javaldx - java may not function correctly
Warning: failed to launch javaldx - java may not function correctly
Warning: failed to launch javaldx - java may not function correctly
Warning: failed to launch javaldx - java may not function correctly
Warning: failed to launch javaldx - java may not function correctly
Warning: failed to launch javaldx - java may not function correctly

(thunar:15627): GLib-GIO-CRITICAL **: 16:02:19.892: GFileInfo created without standard::size

(thunar:15627): GLib-GIO-CRITICAL **: 16:02:19.892: file ../../../gio/gfileinfo.c: line 1845 (g_file_info_get_size): should not be reached
Warning: failed to launch javaldx - java may not function correctly

(xfce4-terminal:146277): xfce4-terminal-WARNING **: 17:00:40.569: Failed to connect to session manager: No ha podido conectar con el gestor de sesiones: SESSION_MANAGER environment variable not defined

(thunar:15627): GLib-GIO-CRITICAL **: 17:01:34.966: GFileInfo created without standard::size

(thunar:15627): GLib-GIO-CRITICAL **: 17:01:34.966: file ../../../gio/gfileinfo.c: line 1845 (g_file_info_get_size): should not be reached
ThunarThumbnailCache: failed to call Copy(): Se alcanzó el tiempo de expiración
ThunarThumbnailCache: failed to call Move(): Se alcanzó el tiempo de expiración
ThunarThumbnailCache: failed to call Copy(): Se alcanzó el tiempo de expiración
ThunarThumbnailCache: failed to call Copy(): Se alcanzó el tiempo de expiración
ThunarThumbnailCache: failed to call Copy(): Se alcanzó el tiempo de expiración
Warning: failed to launch javaldx - java may not function correctly

(thunar:15627): GLib-GIO-CRITICAL **: 19:27:10.129: GFileInfo created without standard::size

(thunar:15627): GLib-GIO-CRITICAL **: 19:27:10.129: file ../../../gio/gfileinfo.c: line 1845 (g_file_info_get_size): should not be reached
Warning: failed to launch javaldx - java may not function correctly

(thunar:15627): GLib-GIO-CRITICAL **: 20:03:39.871: GFileInfo created without standard::size

(thunar:15627): GLib-GIO-CRITICAL **: 20:03:39.916: file ../../../gio/gfileinfo.c: line 1845 (g_file_info_get_size): should not be reached

(thunar:15627): GLib-GIO-CRITICAL **: 20:04:51.999: GFileInfo created without standard::size

(thunar:15627): GLib-GIO-CRITICAL **: 20:04:51.999: file ../../../gio/gfileinfo.c: line 1845 (g_file_info_get_size): should not be reached
ThunarThumbnailCache: failed to call Copy(): Se alcanzó el tiempo de expiración
ThunarThumbnailCache: failed to call Copy(): Se alcanzó el tiempo de expiración
ThunarThumbnailCache: failed to call Move(): Se alcanzó el tiempo de expiración
ThunarThumbnailCache: failed to call Copy(): Se alcanzó el tiempo de expiración
ThunarThumbnailCache: failed to call Copy(): Se alcanzó el tiempo de expiración
ThunarThumbnailCache: failed to call Move(): Se alcanzó el tiempo de expiración
ThunarThumbnailCache: failed to call Copy(): Se alcanzó el tiempo de expiración
